{"/Users/administrator/Projects/react-native/investec/App.tsx": {"path":"/Users/administrator/Projects/react-native/investec/App.tsx","statementMap":{"0":{"start":{"line":19,"column":14},"end":{"line":19,"column":35}},"1":{"start":{"line":21,"column":12},"end":{"line":35,"column":1}},"2":{"start":{"line":22,"column":2},"end":{"line":34,"column":4}},"3":{"start":{"line":37,"column":16},"end":{"line":37,"column":40}},"4":{"start":{"line":38,"column":0},"end":{"line":43,"column":3}},"5":{"start":{"line":45,"column":15},"end":{"line":49,"column":2}}},"fnMap":{"0":{"name":"(anonymous_0)","decl":{"start":{"line":21,"column":12},"end":{"line":21,"column":13}},"loc":{"start":{"line":21,"column":18},"end":{"line":35,"column":1}},"line":21}},"branchMap":{},"s":{"0":1,"1":1,"2":1,"3":1,"4":1,"5":1},"f":{"0":1},"b":{},"_coverageSchema":"1a1c01bbd47fc00a2c39e90264f33305004495a9","hash":"b0bc1aef94dc6f17c2fe16e6a2b22a53ef1c7608"}
,"/Users/administrator/Projects/react-native/investec/Routes.tsx": {"path":"/Users/administrator/Projects/react-native/investec/Routes.tsx","statementMap":{"0":{"start":{"line":7,"column":14},"end":{"line":7,"column":36}},"1":{"start":{"line":9,"column":18},"end":{"line":17,"column":1}},"2":{"start":{"line":10,"column":2},"end":{"line":16,"column":4}}},"fnMap":{"0":{"name":"(anonymous_0)","decl":{"start":{"line":9,"column":18},"end":{"line":9,"column":19}},"loc":{"start":{"line":9,"column":24},"end":{"line":17,"column":1}},"line":9}},"branchMap":{},"s":{"0":1,"1":1,"2":1},"f":{"0":1},"b":{},"_coverageSchema":"1a1c01bbd47fc00a2c39e90264f33305004495a9","hash":"a3682e7bc3a0dee9c8a97eaa5192bef743b3208f"}
,"/Users/administrator/Projects/react-native/investec/Components/Button.tsx": {"path":"/Users/administrator/Projects/react-native/investec/Components/Button.tsx","statementMap":{"0":{"start":{"line":5,"column":15},"end":{"line":15,"column":1}},"1":{"start":{"line":6,"column":2},"end":{"line":14,"column":4}},"2":{"start":{"line":17,"column":15},"end":{"line":26,"column":2}}},"fnMap":{"0":{"name":"(anonymous_0)","decl":{"start":{"line":5,"column":15},"end":{"line":5,"column":16}},"loc":{"start":{"line":5,"column":31},"end":{"line":15,"column":1}},"line":5}},"branchMap":{},"s":{"0":5,"1":12,"2":5},"f":{"0":12},"b":{},"_coverageSchema":"1a1c01bbd47fc00a2c39e90264f33305004495a9","hash":"8c4d8d44d4fd4c6bebf717202c5ef02392a8e2da"}
,"/Users/administrator/Projects/react-native/investec/Components/Header.tsx": {"path":"/Users/administrator/Projects/react-native/investec/Components/Header.tsx","statementMap":{"0":{"start":{"line":5,"column":15},"end":{"line":11,"column":1}},"1":{"start":{"line":6,"column":2},"end":{"line":10,"column":4}},"2":{"start":{"line":13,"column":15},"end":{"line":25,"column":2}}},"fnMap":{"0":{"name":"(anonymous_0)","decl":{"start":{"line":5,"column":15},"end":{"line":5,"column":16}},"loc":{"start":{"line":5,"column":43},"end":{"line":11,"column":1}},"line":5}},"branchMap":{},"s":{"0":5,"1":10,"2":5},"f":{"0":10},"b":{},"_coverageSchema":"1a1c01bbd47fc00a2c39e90264f33305004495a9","hash":"91c98bbd5c7ab83ae3e8683bda1d2df4ad22e61a"}
,"/Users/administrator/Projects/react-native/investec/Reducers/RegisterReducer.ts": {"path":"/Users/administrator/Projects/react-native/investec/Reducers/RegisterReducer.ts","statementMap":{"0":{"start":{"line":3,"column":21},"end":{"line":5,"column":1}},"1":{"start":{"line":8,"column":2},"end":{"line":15,"column":3}},"2":{"start":{"line":10,"column":6},"end":{"line":10,"column":31}},"3":{"start":{"line":12,"column":6},"end":{"line":12,"column":69}},"4":{"start":{"line":14,"column":6},"end":{"line":14,"column":19}}},"fnMap":{"0":{"name":"(anonymous_0)","decl":{"start":{"line":7,"column":15},"end":{"line":7,"column":16}},"loc":{"start":{"line":7,"column":54},"end":{"line":16,"column":1}},"line":7}},"branchMap":{"0":{"loc":{"start":{"line":7,"column":16},"end":{"line":7,"column":36}},"type":"default-arg","locations":[{"start":{"line":7,"column":24},"end":{"line":7,"column":36}}],"line":7},"1":{"loc":{"start":{"line":8,"column":2},"end":{"line":15,"column":3}},"type":"switch","locations":[{"start":{"line":9,"column":4},"end":{"line":10,"column":31}},{"start":{"line":11,"column":4},"end":{"line":12,"column":69}},{"start":{"line":13,"column":4},"end":{"line":14,"column":19}}],"line":8}},"s":{"0":2,"1":6,"2":2,"3":1,"4":3},"f":{"0":6},"b":{"0":[5],"1":[2,1,3]},"_coverageSchema":"1a1c01bbd47fc00a2c39e90264f33305004495a9","hash":"6d440ec78c01de4d03f01fc9eb81209d4cb4abb9"}
,"/Users/administrator/Projects/react-native/investec/Reducers/index.ts": {"path":"/Users/administrator/Projects/react-native/investec/Reducers/index.ts","statementMap":{},"fnMap":{},"branchMap":{},"s":{},"f":{},"b":{},"_coverageSchema":"1a1c01bbd47fc00a2c39e90264f33305004495a9","hash":"0677cc7d67e146b3b8abc20efb77dc622fa202d9"}
,"/Users/administrator/Projects/react-native/investec/Screens/Register.tsx": {"path":"/Users/administrator/Projects/react-native/investec/Screens/Register.tsx","statementMap":{"0":{"start":{"line":12,"column":17},"end":{"line":74,"column":1}},"1":{"start":{"line":13,"column":38},"end":{"line":13,"column":53}},"2":{"start":{"line":14,"column":36},"end":{"line":14,"column":51}},"3":{"start":{"line":15,"column":19},"end":{"line":15,"column":32}},"4":{"start":{"line":16,"column":21},"end":{"line":16,"column":36}},"5":{"start":{"line":17,"column":23},"end":{"line":17,"column":78}},"6":{"start":{"line":17,"column":63},"end":{"line":17,"column":77}},"7":{"start":{"line":19,"column":2},"end":{"line":27,"column":8}},"8":{"start":{"line":20,"column":4},"end":{"line":23,"column":7}},"9":{"start":{"line":24,"column":4},"end":{"line":26,"column":7}},"10":{"start":{"line":25,"column":6},"end":{"line":25,"column":35}},"11":{"start":{"line":29,"column":29},"end":{"line":35,"column":3}},"12":{"start":{"line":30,"column":17},"end":{"line":30,"column":42}},"13":{"start":{"line":31,"column":4},"end":{"line":34,"column":7}},"14":{"start":{"line":37,"column":23},"end":{"line":44,"column":3}},"15":{"start":{"line":38,"column":4},"end":{"line":43,"column":5}},"16":{"start":{"line":39,"column":6},"end":{"line":39,"column":26}},"17":{"start":{"line":40,"column":6},"end":{"line":40,"column":37}},"18":{"start":{"line":42,"column":6},"end":{"line":42,"column":25}},"19":{"start":{"line":45,"column":2},"end":{"line":73,"column":4}},"20":{"start":{"line":55,"column":34},"end":{"line":55,"column":66}},"21":{"start":{"line":65,"column":33},"end":{"line":65,"column":47}},"22":{"start":{"line":76,"column":15},"end":{"line":108,"column":2}}},"fnMap":{"0":{"name":"(anonymous_0)","decl":{"start":{"line":12,"column":17},"end":{"line":12,"column":18}},"loc":{"start":{"line":12,"column":23},"end":{"line":74,"column":1}},"line":12},"1":{"name":"(anonymous_1)","decl":{"start":{"line":17,"column":35},"end":{"line":17,"column":36}},"loc":{"start":{"line":17,"column":63},"end":{"line":17,"column":77}},"line":17},"2":{"name":"(anonymous_2)","decl":{"start":{"line":19,"column":12},"end":{"line":19,"column":13}},"loc":{"start":{"line":19,"column":18},"end":{"line":27,"column":3}},"line":19},"3":{"name":"(anonymous_3)","decl":{"start":{"line":24,"column":46},"end":{"line":24,"column":47}},"loc":{"start":{"line":24,"column":79},"end":{"line":26,"column":5}},"line":24},"4":{"name":"(anonymous_4)","decl":{"start":{"line":29,"column":29},"end":{"line":29,"column":30}},"loc":{"start":{"line":29,"column":58},"end":{"line":35,"column":3}},"line":29},"5":{"name":"(anonymous_5)","decl":{"start":{"line":37,"column":23},"end":{"line":37,"column":24}},"loc":{"start":{"line":37,"column":29},"end":{"line":44,"column":3}},"line":37},"6":{"name":"(anonymous_6)","decl":{"start":{"line":55,"column":24},"end":{"line":55,"column":25}},"loc":{"start":{"line":55,"column":34},"end":{"line":55,"column":66}},"line":55},"7":{"name":"(anonymous_7)","decl":{"start":{"line":65,"column":27},"end":{"line":65,"column":28}},"loc":{"start":{"line":65,"column":33},"end":{"line":65,"column":47}},"line":65}},"branchMap":{"0":{"loc":{"start":{"line":38,"column":4},"end":{"line":43,"column":5}},"type":"if","locations":[{"start":{"line":38,"column":4},"end":{"line":43,"column":5}},{"start":{"line":38,"column":4},"end":{"line":43,"column":5}}],"line":38},"1":{"loc":{"start":{"line":49,"column":9},"end":{"line":53,"column":16}},"type":"cond-expr","locations":[{"start":{"line":50,"column":10},"end":{"line":52,"column":17}},{"start":{"line":53,"column":12},"end":{"line":53,"column":16}}],"line":49},"2":{"loc":{"start":{"line":60,"column":12},"end":{"line":60,"column":52}},"type":"cond-expr","locations":[{"start":{"line":60,"column":26},"end":{"line":60,"column":45}},{"start":{"line":60,"column":48},"end":{"line":60,"column":52}}],"line":60}},"s":{"0":2,"1":7,"2":7,"3":7,"4":7,"5":7,"6":10,"7":7,"8":5,"9":5,"10":0,"11":7,"12":1,"13":1,"14":7,"15":2,"16":1,"17":1,"18":1,"19":7,"20":1,"21":2,"22":2},"f":{"0":7,"1":10,"2":5,"3":0,"4":1,"5":2,"6":1,"7":2},"b":{"0":[1,1],"1":[0,7],"2":[1,6]},"_coverageSchema":"1a1c01bbd47fc00a2c39e90264f33305004495a9","hash":"b705638e89284c5cdd4cd51053977cb3cc58797d"}
,"/Users/administrator/Projects/react-native/investec/Screens/Thanks.tsx": {"path":"/Users/administrator/Projects/react-native/investec/Screens/Thanks.tsx","statementMap":{"0":{"start":{"line":11,"column":15},"end":{"line":28,"column":1}},"1":{"start":{"line":12,"column":21},"end":{"line":12,"column":36}},"2":{"start":{"line":13,"column":23},"end":{"line":13,"column":80}},"3":{"start":{"line":13,"column":65},"end":{"line":13,"column":79}},"4":{"start":{"line":15,"column":2},"end":{"line":27,"column":4}},"5":{"start":{"line":20,"column":31},"end":{"line":20,"column":50}},"6":{"start":{"line":30,"column":15},"end":{"line":39,"column":2}}},"fnMap":{"0":{"name":"(anonymous_0)","decl":{"start":{"line":11,"column":15},"end":{"line":11,"column":16}},"loc":{"start":{"line":11,"column":21},"end":{"line":28,"column":1}},"line":11},"1":{"name":"(anonymous_1)","decl":{"start":{"line":13,"column":35},"end":{"line":13,"column":36}},"loc":{"start":{"line":13,"column":65},"end":{"line":13,"column":79}},"line":13},"2":{"name":"(anonymous_2)","decl":{"start":{"line":20,"column":25},"end":{"line":20,"column":26}},"loc":{"start":{"line":20,"column":31},"end":{"line":20,"column":50}},"line":20}},"branchMap":{},"s":{"0":2,"1":1,"2":1,"3":1,"4":1,"5":0,"6":2},"f":{"0":1,"1":1,"2":0},"b":{},"_coverageSchema":"1a1c01bbd47fc00a2c39e90264f33305004495a9","hash":"0cd98ea0e96a8a60bdbc2863fa4d61dba2ea1057"}
,"/Users/administrator/Projects/react-native/investec/Screens/Welcome.tsx": {"path":"/Users/administrator/Projects/react-native/investec/Screens/Welcome.tsx","statementMap":{"0":{"start":{"line":18,"column":16},"end":{"line":133,"column":1}},"1":{"start":{"line":19,"column":19},"end":{"line":19,"column":57}},"2":{"start":{"line":20,"column":38},"end":{"line":20,"column":52}},"3":{"start":{"line":21,"column":21},"end":{"line":21,"column":36}},"4":{"start":{"line":22,"column":23},"end":{"line":22,"column":80}},"5":{"start":{"line":22,"column":65},"end":{"line":22,"column":79}},"6":{"start":{"line":24,"column":22},"end":{"line":34,"column":3}},"7":{"start":{"line":25,"column":42},"end":{"line":25,"column":61}},"8":{"start":{"line":26,"column":4},"end":{"line":33,"column":5}},"9":{"start":{"line":32,"column":6},"end":{"line":32,"column":47}},"10":{"start":{"line":36,"column":28},"end":{"line":45,"column":3}},"11":{"start":{"line":37,"column":20},"end":{"line":37,"column":44}},"12":{"start":{"line":38,"column":26},"end":{"line":38,"column":44}},"13":{"start":{"line":39,"column":22},"end":{"line":39,"column":49}},"14":{"start":{"line":40,"column":4},"end":{"line":40,"column":49}},"15":{"start":{"line":41,"column":4},"end":{"line":44,"column":5}},"16":{"start":{"line":48,"column":26},"end":{"line":56,"column":3}},"17":{"start":{"line":49,"column":29},"end":{"line":49,"column":48}},"18":{"start":{"line":50,"column":4},"end":{"line":55,"column":5}},"19":{"start":{"line":51,"column":6},"end":{"line":51,"column":26}},"20":{"start":{"line":52,"column":6},"end":{"line":52,"column":36}},"21":{"start":{"line":54,"column":6},"end":{"line":54,"column":25}},"22":{"start":{"line":58,"column":23},"end":{"line":64,"column":11}},"23":{"start":{"line":60,"column":42},"end":{"line":60,"column":46}},"24":{"start":{"line":67,"column":27},"end":{"line":70,"column":3}},"25":{"start":{"line":68,"column":4},"end":{"line":68,"column":23}},"26":{"start":{"line":69,"column":4},"end":{"line":69,"column":36}},"27":{"start":{"line":72,"column":20},"end":{"line":85,"column":3}},"28":{"start":{"line":73,"column":4},"end":{"line":84,"column":6}},"29":{"start":{"line":87,"column":2},"end":{"line":132,"column":4}},"30":{"start":{"line":92,"column":31},"end":{"line":92,"column":50}},"31":{"start":{"line":99,"column":12},"end":{"line":99,"column":56}},"32":{"start":{"line":106,"column":31},"end":{"line":106,"column":49}},"33":{"start":{"line":135,"column":15},"end":{"line":187,"column":2}}},"fnMap":{"0":{"name":"(anonymous_0)","decl":{"start":{"line":18,"column":16},"end":{"line":18,"column":17}},"loc":{"start":{"line":18,"column":22},"end":{"line":133,"column":1}},"line":18},"1":{"name":"(anonymous_1)","decl":{"start":{"line":22,"column":35},"end":{"line":22,"column":36}},"loc":{"start":{"line":22,"column":65},"end":{"line":22,"column":79}},"line":22},"2":{"name":"(anonymous_2)","decl":{"start":{"line":24,"column":22},"end":{"line":24,"column":23}},"loc":{"start":{"line":24,"column":76},"end":{"line":34,"column":3}},"line":24},"3":{"name":"(anonymous_3)","decl":{"start":{"line":36,"column":28},"end":{"line":36,"column":29}},"loc":{"start":{"line":36,"column":34},"end":{"line":45,"column":3}},"line":36},"4":{"name":"(anonymous_4)","decl":{"start":{"line":48,"column":26},"end":{"line":48,"column":27}},"loc":{"start":{"line":48,"column":68},"end":{"line":56,"column":3}},"line":48},"5":{"name":"(anonymous_5)","decl":{"start":{"line":60,"column":36},"end":{"line":60,"column":37}},"loc":{"start":{"line":60,"column":42},"end":{"line":60,"column":46}},"line":60},"6":{"name":"(anonymous_6)","decl":{"start":{"line":67,"column":27},"end":{"line":67,"column":28}},"loc":{"start":{"line":67,"column":33},"end":{"line":70,"column":3}},"line":67},"7":{"name":"(anonymous_7)","decl":{"start":{"line":72,"column":20},"end":{"line":72,"column":21}},"loc":{"start":{"line":72,"column":56},"end":{"line":85,"column":3}},"line":72},"8":{"name":"(anonymous_8)","decl":{"start":{"line":92,"column":25},"end":{"line":92,"column":26}},"loc":{"start":{"line":92,"column":31},"end":{"line":92,"column":50}},"line":92},"9":{"name":"(anonymous_9)","decl":{"start":{"line":98,"column":25},"end":{"line":98,"column":26}},"loc":{"start":{"line":99,"column":12},"end":{"line":99,"column":56}},"line":99},"10":{"name":"(anonymous_10)","decl":{"start":{"line":106,"column":25},"end":{"line":106,"column":26}},"loc":{"start":{"line":106,"column":31},"end":{"line":106,"column":49}},"line":106}},"branchMap":{"0":{"loc":{"start":{"line":26,"column":4},"end":{"line":33,"column":5}},"type":"if","locations":[{"start":{"line":26,"column":4},"end":{"line":33,"column":5}},{"start":{"line":26,"column":4},"end":{"line":33,"column":5}}],"line":26},"1":{"loc":{"start":{"line":27,"column":6},"end":{"line":30,"column":41}},"type":"binary-expr","locations":[{"start":{"line":27,"column":6},"end":{"line":27,"column":20}},{"start":{"line":28,"column":6},"end":{"line":30,"column":41}}],"line":27},"2":{"loc":{"start":{"line":29,"column":9},"end":{"line":29,"column":44}},"type":"cond-expr","locations":[{"start":{"line":29,"column":26},"end":{"line":29,"column":40}},{"start":{"line":29,"column":43},"end":{"line":29,"column":44}}],"line":29},"3":{"loc":{"start":{"line":30,"column":11},"end":{"line":30,"column":40}},"type":"cond-expr","locations":[{"start":{"line":30,"column":25},"end":{"line":30,"column":36}},{"start":{"line":30,"column":39},"end":{"line":30,"column":40}}],"line":30},"4":{"loc":{"start":{"line":50,"column":4},"end":{"line":55,"column":5}},"type":"if","locations":[{"start":{"line":50,"column":4},"end":{"line":55,"column":5}},{"start":{"line":50,"column":4},"end":{"line":55,"column":5}}],"line":50},"5":{"loc":{"start":{"line":50,"column":25},"end":{"line":50,"column":60}},"type":"cond-expr","locations":[{"start":{"line":50,"column":42},"end":{"line":50,"column":56}},{"start":{"line":50,"column":59},"end":{"line":50,"column":60}}],"line":50},"6":{"loc":{"start":{"line":112,"column":11},"end":{"line":122,"column":13}},"type":"cond-expr","locations":[{"start":{"line":113,"column":12},"end":{"line":119,"column":14}},{"start":{"line":121,"column":14},"end":{"line":121,"column":69}}],"line":112}},"s":{"0":2,"1":1,"2":1,"3":1,"4":1,"5":1,"6":1,"7":0,"8":0,"9":0,"10":1,"11":0,"12":0,"13":0,"14":0,"15":0,"16":1,"17":0,"18":0,"19":0,"20":0,"21":0,"22":1,"23":0,"24":1,"25":0,"26":0,"27":1,"28":0,"29":1,"30":0,"31":0,"32":0,"33":2},"f":{"0":1,"1":1,"2":0,"3":0,"4":0,"5":0,"6":0,"7":0,"8":0,"9":0,"10":0},"b":{"0":[0,0],"1":[0,0],"2":[0,0],"3":[0,0],"4":[0,0],"5":[0,0],"6":[1,0]},"_coverageSchema":"1a1c01bbd47fc00a2c39e90264f33305004495a9","hash":"9d015ddaca1acca56fde65e25fd3f7dbdc131436"}
,"/Users/administrator/Projects/react-native/investec/Utilities/CommonStyleSheets.ts": {"path":"/Users/administrator/Projects/react-native/investec/Utilities/CommonStyleSheets.ts","statementMap":{"0":{"start":{"line":2,"column":26},"end":{"line":14,"column":2}}},"fnMap":{},"branchMap":{},"s":{"0":4},"f":{},"b":{},"_coverageSchema":"1a1c01bbd47fc00a2c39e90264f33305004495a9","hash":"46fa48e5be99680fdb2867f8cc72a5301ffc8701"}
,"/Users/administrator/Projects/react-native/investec/Utilities/Constant.ts": {"path":"/Users/administrator/Projects/react-native/investec/Utilities/Constant.ts","statementMap":{"0":{"start":{"line":1,"column":24},"end":{"line":4,"column":1}}},"fnMap":{},"branchMap":{},"s":{"0":3},"f":{},"b":{},"_coverageSchema":"1a1c01bbd47fc00a2c39e90264f33305004495a9","hash":"56dcb78a640161e6fff8ed96b33142dfd54bd81f"}
}
