TN:
SF:App.tsx
FN:21,(anonymous_0)
FNF:1
FNH:1
FNDA:1,(anonymous_0)
DA:19,1
DA:21,1
DA:22,1
DA:37,1
DA:38,1
DA:45,1
LF:6
LH:6
BRF:0
BRH:0
end_of_record
TN:
SF:Routes.tsx
FN:9,(anonymous_0)
FNF:1
FNH:1
FNDA:1,(anonymous_0)
DA:7,1
DA:9,1
DA:10,1
LF:3
LH:3
BRF:0
BRH:0
end_of_record
TN:
SF:Components/Button.tsx
FN:5,(anonymous_0)
FNF:1
FNH:1
FNDA:12,(anonymous_0)
DA:5,5
DA:6,12
DA:17,5
LF:3
LH:3
BRF:0
BRH:0
end_of_record
TN:
SF:Components/Header.tsx
FN:5,(anonymous_0)
FNF:1
FNH:1
FNDA:10,(anonymous_0)
DA:5,5
DA:6,10
DA:13,5
LF:3
LH:3
BRF:0
BRH:0
end_of_record
TN:
SF:Reducers/RegisterReducer.ts
FN:7,(anonymous_0)
FNF:1
FNH:1
FNDA:6,(anonymous_0)
DA:3,2
DA:8,6
DA:10,2
DA:12,1
DA:14,3
LF:5
LH:5
BRDA:7,0,0,5
BRDA:8,1,0,2
BRDA:8,1,1,1
BRDA:8,1,2,3
BRF:4
BRH:4
end_of_record
TN:
SF:Reducers/index.ts
FNF:0
FNH:0
LF:0
LH:0
BRF:0
BRH:0
end_of_record
TN:
SF:Screens/Register.tsx
FN:12,(anonymous_0)
FN:17,(anonymous_1)
FN:19,(anonymous_2)
FN:24,(anonymous_3)
FN:29,(anonymous_4)
FN:37,(anonymous_5)
FN:55,(anonymous_6)
FN:65,(anonymous_7)
FNF:8
FNH:7
FNDA:7,(anonymous_0)
FNDA:10,(anonymous_1)
FNDA:5,(anonymous_2)
FNDA:0,(anonymous_3)
FNDA:1,(anonymous_4)
FNDA:2,(anonymous_5)
FNDA:1,(anonymous_6)
FNDA:2,(anonymous_7)
DA:12,2
DA:13,7
DA:14,7
DA:15,7
DA:16,7
DA:17,10
DA:19,7
DA:20,5
DA:24,5
DA:25,0
DA:29,7
DA:30,1
DA:31,1
DA:37,7
DA:38,2
DA:39,1
DA:40,1
DA:42,1
DA:45,7
DA:55,1
DA:65,2
DA:76,2
LF:22
LH:21
BRDA:38,0,0,1
BRDA:38,0,1,1
BRDA:49,1,0,0
BRDA:49,1,1,7
BRDA:60,2,0,1
BRDA:60,2,1,6
BRF:6
BRH:5
end_of_record
TN:
SF:Screens/Thanks.tsx
FN:11,(anonymous_0)
FN:13,(anonymous_1)
FN:20,(anonymous_2)
FNF:3
FNH:2
FNDA:1,(anonymous_0)
FNDA:1,(anonymous_1)
FNDA:0,(anonymous_2)
DA:11,2
DA:12,1
DA:13,1
DA:15,1
DA:20,0
DA:30,2
LF:6
LH:5
BRF:0
BRH:0
end_of_record
TN:
SF:Screens/Welcome.tsx
FN:18,(anonymous_0)
FN:22,(anonymous_1)
FN:24,(anonymous_2)
FN:36,(anonymous_3)
FN:48,(anonymous_4)
FN:60,(anonymous_5)
FN:67,(anonymous_6)
FN:72,(anonymous_7)
FN:92,(anonymous_8)
FN:98,(anonymous_9)
FN:106,(anonymous_10)
FNF:11
FNH:2
FNDA:1,(anonymous_0)
FNDA:1,(anonymous_1)
FNDA:0,(anonymous_2)
FNDA:0,(anonymous_3)
FNDA:0,(anonymous_4)
FNDA:0,(anonymous_5)
FNDA:0,(anonymous_6)
FNDA:0,(anonymous_7)
FNDA:0,(anonymous_8)
FNDA:0,(anonymous_9)
FNDA:0,(anonymous_10)
DA:18,2
DA:19,1
DA:20,1
DA:21,1
DA:22,1
DA:24,1
DA:25,0
DA:26,0
DA:32,0
DA:36,1
DA:37,0
DA:38,0
DA:39,0
DA:40,0
DA:41,0
DA:48,1
DA:49,0
DA:50,0
DA:51,0
DA:52,0
DA:54,0
DA:58,1
DA:60,0
DA:67,1
DA:68,0
DA:69,0
DA:72,1
DA:73,0
DA:87,1
DA:92,0
DA:99,0
DA:106,0
DA:135,2
LF:33
LH:13
BRDA:26,0,0,0
BRDA:26,0,1,0
BRDA:27,1,0,0
BRDA:27,1,1,0
BRDA:29,2,0,0
BRDA:29,2,1,0
BRDA:30,3,0,0
BRDA:30,3,1,0
BRDA:50,4,0,0
BRDA:50,4,1,0
BRDA:50,5,0,0
BRDA:50,5,1,0
BRDA:112,6,0,1
BRDA:112,6,1,0
BRF:14
BRH:1
end_of_record
TN:
SF:Utilities/CommonStyleSheets.ts
FNF:0
FNH:0
DA:2,4
LF:1
LH:1
BRF:0
BRH:0
end_of_record
TN:
SF:Utilities/Constant.ts
FNF:0
FNH:0
DA:1,3
LF:1
LH:1
BRF:0
BRH:0
end_of_record
